Arguments: 
  C:\Program Files\nodejs\node.exe C:\Users\yuandawei\AppData\Roaming\npm\node_modules\yarn\bin\yarn.js add jest @type/jest --dev

PATH: 
  C:\Users\yuandawei\AppData\Local\oh-my-posh;C:\Program Files\PowerShell\7-preview;C:\WINDOWS\system32;C:\WINDOWS;C:\WINDOWS\System32\Wbem;C:\WINDOWS\System32\WindowsPowerShell\v1.0\;C:\WINDOWS\System32\OpenSSH\;C:\Users\yuandawei\AppData\Roaming\nvm;C:\Program Files\nodejs;C:\Program Files\Git\cmd;C:\Program Files\PowerShell\7-preview\preview;D:\微信web开发者工具\dll;C:\Users\yuandawei\AppData\Local\Microsoft\WindowsApps;C:\Users\yuandawei\AppData\Roaming\npm;C:\Users\yuandawei\AppData\Roaming\nvm;C:\Program Files\nodejs;C:\Users\yuandawei\AppData\Local\Programs\Microsoft VS Code\bin;;C:\Program Files\JetBrains\WebStorm 2021.3.2\bin;

Yarn version: 
  1.22.17

Node version: 
  16.14.0

Platform: 
  win32 x64

Trace: 
  Error: https://registry.npmmirror.com/@type%2fjest: [NOT_FOUND] @type/jest not found
      at Request.params.callback [as _callback] (C:\Users\yuandawei\AppData\Roaming\npm\node_modules\yarn\lib\cli.js:67029:18)
      at Request.self.callback (C:\Users\yuandawei\AppData\Roaming\npm\node_modules\yarn\lib\cli.js:140883:22)
      at Request.emit (node:events:520:28)
      at Request.<anonymous> (C:\Users\yuandawei\AppData\Roaming\npm\node_modules\yarn\lib\cli.js:141855:10)
      at Request.emit (node:events:520:28)
      at Gunzip.<anonymous> (C:\Users\yuandawei\AppData\Roaming\npm\node_modules\yarn\lib\cli.js:141777:12)
      at Object.onceWrapper (node:events:639:28)
      at Gunzip.emit (node:events:520:28)
      at endReadableNT (node:internal/streams/readable:1346:12)
      at processTicksAndRejections (node:internal/process/task_queues:83:21)

npm manifest: 
  {
    "name": "mini-vue",
    "version": "1.0.0",
    "main": "index.js",
    "repository": "https://github.com/architectMymine/vue-core-study.git",
    "author": "yuandawei <dawei.yuan@izhanchi.com>",
    "license": "MIT",
    "scripts": {
      "test": "jest"
    },
    "devDependencies": {
      "typescript": "^4.6.4"
    }
  }

yarn manifest: 
  No manifest

Lockfile: 
  # THIS IS AN AUTOGENERATED FILE. DO NOT EDIT THIS FILE DIRECTLY.
  # yarn lockfile v1
  
  
  typescript@^4.6.4:
    version "4.6.4"
    resolved "https://registry.npmmirror.com/typescript/-/typescript-4.6.4.tgz#caa78bbc3a59e6a5c510d35703f6a09877ce45e9"
    integrity sha512-9ia/jWHIEbo49HfjrLGfKbZSuWo9iTMwXO+Ca3pRsSpbsMbc7/IU8NKdCZVRRBafVPGnoJeFL76ZOAA84I9fEg==
